Debug information for CONTRACT_TYPE 'SCAN_LoRes':

Configuration:
CONTRACT_TYPE
{
	name = SCAN_LoRes
	title = Do a Low Resolution Scan of @/targetBody1
	genericTitle = Do a Low Resolution Scan of a body.
	group = ScanSatOfficial
	topic = Science
	subject = Kerbal
	motivation = Scanning
	agent = SCAN: Scientific Committee on Advanced Navigation
	notes = Scanning can take place while the vessel is not loaded.
	synopsis = Perform a RADAR scan of @/targetBody1
	completedMessage = Excellent work, despite the grainy monochrome image we've recovered our experts are very excited to see what they can find.
	minExpiry = 1
	maxExpiry = 7
	deadline = Random(300, 500) * @/targetBody1.Multiplier()
	cancellable = true
	declinable = true
	autoAccept = false
	targetBody = @/targetBody1
	rewardScience = 0
	rewardReputation = 1
	rewardFunds = Random(40000, 60000.0)
	failureReputation = 1
	failureFunds = Random(1000, 10000.0)
	advanceFunds = Random(2000, 10000.0)
	prestige = Trivial
	prestige = Significant
	DATA
	{
		type = CelestialBody
		requiredValue = true
		uniquenessCheck = CONTRACT_ALL
		targetBody1 = Prestige() == Trivial ? @ScanSatOfficial:p1Bodies.SelectUnique() : @ScanSatOfficial:p2Bodies.SelectUnique()
		title = Must have orbited the target body.
	}
	DATA
	{
		type = double
		diffModifier1 = Prestige() == Trivial ? 0 : 10
		scanRequired1 = 75 + @diffModifier1
		minScan1 = 70 + @diffModifier1
	}
	PARAMETER
	{
		name = SCANsatCoverage
		type = SCANsatCoverage
		targetBody = @/targetBody1
		coverage = @/scanRequired1
		scanType = AltimetryLoRes
	}
	REQUIREMENT
	{
		name = SCANsatCoverage
		type = SCANsatCoverage
		targetBody = @/targetBody1
		minCoverage = 0.0
		maxCoverage = @/minScan1
		scanType = AltimetryLoRes
		title = Must have scanned less than @/minScan1% of the target body.
	}
	REQUIREMENT
	{
		name = Orbit
		type = Orbit
		targetBody = HomeWorld()
	}
	REQUIREMENT
	{
		name = PartUnlocked
		type = PartUnlocked
		part = SCANsat_Scanner
		targetBody = @/targetBody
	}
}

Data Nodes:
SCAN_LoRes
    ScanSatOfficial:name = ScanSatOfficial, deterministic = True
    ScanSatOfficial:displayName = ScanSat Official, deterministic = True
    ScanSatOfficial:minVersion = 1.15.0, deterministic = True
    ScanSatOfficial:maxCompletions = 0, deterministic = True
    ScanSatOfficial:maxSimultaneous = 3, deterministic = True
    ScanSatOfficial:disabledContractType = [], deterministic = True
    ScanSatOfficial:agent = Contracts.Agents.Agent, deterministic = True
    ScanSatOfficial:sortKey = ScanSat Official, deterministic = True
    ScanSatOfficial:tip = , deterministic = True
    ScanSatOfficial:p1Bodies = [ Kerbin (CelestialBody), Mun (CelestialBody), Minmus (CelestialBody) ], deterministic = True
    ScanSatOfficial:p2Bodies = [], deterministic = False
    ScanSatOfficial:p3Bodies = [], deterministic = False
    name = SCAN_LoRes, deterministic = True
    trace = False, deterministic = True
    title = Do a Low Resolution Scan of Minmus, deterministic = False
    tag = , deterministic = True
    description = null, deterministic = True
    topic = Science, deterministic = True
    subject = Kerbal, deterministic = True
    motivation = Scanning, deterministic = True
    notes = Scanning can take place while the vessel is not loaded., deterministic = True
    synopsis = Perform a RADAR scan of Minmus, deterministic = False
    completedMessage = Excellent work, despite the grainy monochrome image we've recovered our experts are very excited to see what they can find., deterministic = True
    agent = Contracts.Agents.Agent, deterministic = True
    minExpiry = 1, deterministic = True
    maxExpiry = 7, deterministic = True
    deadline = 799.5638, deterministic = False
    cancellable = True, deterministic = True
    declinable = True, deterministic = True
    autoAccept = False, deterministic = True
    prestige = [ Trivial, Significant ], deterministic = True
    targetBody = Minmus (CelestialBody), deterministic = False
    maxCompletions = 0, deterministic = True
    maxSimultaneous = 4, deterministic = True
    rewardFunds = 43811.81, deterministic = False
    rewardReputation = 1, deterministic = True
    rewardScience = 0, deterministic = True
    failureFunds = 9523.625, deterministic = False
    failureReputation = 1, deterministic = True
    advanceFunds = 4823.175, deterministic = False
    targetBody1 = Minmus (CelestialBody), deterministic = False
    diffModifier1 = 0, deterministic = False
    scanRequired1 = 75, deterministic = False
    minScan1 = 70, deterministic = False
    genericTitle = Do a Low Resolution Scan of a body., deterministic = True
    genericDescription = null, deterministic = True
    sortKey = Do a Low Resolution Scan of a body., deterministic = True

	SCANsatCoverage
	    type = SCANsatCoverage, deterministic = True
	    name = SCANsatCoverage, deterministic = True
	    targetBody = Minmus (CelestialBody), deterministic = False
	    rewardFunds = 0, deterministic = True
	    rewardReputation = 0, deterministic = True
	    rewardScience = 0, deterministic = True
	    failureFunds = 0, deterministic = True
	    failureReputation = 0, deterministic = True
	    optional = False, deterministic = True
	    disableOnStateChange = null, deterministic = True
	    completeInSequence = False, deterministic = True
	    hidden = False, deterministic = True
	    hideChildren = False, deterministic = True
	    title = null, deterministic = True
	    notes = null, deterministic = True
	    completedMessage = null, deterministic = True
	    coverage = 75, deterministic = False
	    scanType = AltimetryLoRes, deterministic = True
	
	SCANsatCoverage_1
	    type = SCANsatCoverage, deterministic = True
	    name = SCANsatCoverage, deterministic = True
	    title = Must have scanned less than 70% of the target body., deterministic = False
	    hideChildren = False, deterministic = True
	    targetBody = Minmus (CelestialBody), deterministic = False
	    checkOnActiveContract = False, deterministic = True
	    invertRequirement = False, deterministic = True
	    minCoverage = 0, deterministic = True
	    maxCoverage = 70, deterministic = False
	    scanType = AltimetryLoRes, deterministic = True
	
	Orbit
	    type = Orbit, deterministic = True
	    name = Orbit, deterministic = True
	    title = null, deterministic = True
	    hideChildren = False, deterministic = True
	    targetBody = Kerbin (CelestialBody), deterministic = True
	    checkOnActiveContract = False, deterministic = True
	    invertRequirement = False, deterministic = True
	    checkType = null, deterministic = True
	
	PartUnlocked
	    type = PartUnlocked, deterministic = True
	    name = PartUnlocked, deterministic = True
	    title = null, deterministic = True
	    hideChildren = False, deterministic = True
	    targetBody = Minmus (CelestialBody), deterministic = False
	    checkOnActiveContract = False, deterministic = True
	    invertRequirement = False, deterministic = True
	    part = [ SCANsat.Scanner ], deterministic = False
	

Output log:
[INFO] ContractConfigurator.ContractType: Loading CONTRACT_TYPE: 'SCAN_LoRes'
[INFO] ContractConfigurator.ContractType: Successfully loaded CONTRACT_TYPE 'SCAN_LoRes'
